<?xml version="1.0" encoding="UTF-8"?>
<!-- Generated by org.testng.reporters.JUnitReportReporter -->
<testsuite hostname="SGH232Q0XC" failures="0" tests="1" name="testScripts.data_TestScritps.TC001SelectTopBarHyperlinkToReload" time="8.853" errors="0" timestamp="06 Jul 2018 08:32:37 GMT" skipped="0">
  <testcase classname="testScripts.data_TestScritps.TC001SelectTopBarHyperlinkToReload" name="verifyMainPageDisplayCorrectly" time="8.853"/>
</testsuite> <!-- testScripts.data_TestScritps.TC001SelectTopBarHyperlinkToReload -->
