<?xml version="1.0" encoding="UTF-8"?>
<!-- Generated by org.testng.reporters.JUnitReportReporter -->
<testsuite hostname="SGH232Q0XC" failures="0" tests="1" name="testScripts.data_TestScritps.TC019EditComputerNameWithValidName" time="11.249" errors="0" timestamp="06 Jul 2018 08:17:17 GMT" skipped="0">
  <testcase classname="testScripts.data_TestScritps.TC019EditComputerNameWithValidName" name="verifyEditComputerNameWithValidNameCorrectly" time="11.249"/>
</testsuite> <!-- testScripts.data_TestScritps.TC019EditComputerNameWithValidName -->
